#
# There is insufficient memory for the Java Runtime Environment to continue.
# Native memory allocation (malloc) failed to allocate 1244560 bytes for Chunk::new
# Possible reasons:
#   The system is out of physical RAM or swap space
#   In 32 bit mode, the process size limit was hit
# Possible solutions:
#   Reduce memory load on the system
#   Increase physical memory or swap space
#   Check if swap backing store is full
#   Use 64 bit Java on a 64 bit OS
#   Decrease Java heap size (-Xmx/-Xms)
#   Decrease number of Java threads
#   Decrease Java thread stack sizes (-Xss)
#   Set larger code cache with -XX:ReservedCodeCacheSize=
# This output file may be truncated or incomplete.
#
#  Out of Memory Error (allocation.cpp:390), pid=1472, tid=0x00000000000032f0
#
# JRE version: OpenJDK Runtime Environment (8.0_152-b02) (build 1.8.0_152-release-1024-b02)
# Java VM: OpenJDK 64-Bit Server VM (25.152-b02 mixed mode windows-amd64 compressed oops)
# Failed to write core dump. Minidumps are not enabled by default on client versions of Windows
#

---------------  T H R E A D  ---------------

Current thread (0x000000001ae6d000):  JavaThread "C2 CompilerThread0" daemon [_thread_in_native, id=13040, stack(0x000000001b540000,0x000000001b640000)]

Stack: [0x000000001b540000,0x000000001b640000]
[error occurred during error reporting (printing stack bounds), id 0xc0000005]

Native frames: (J=compiled Java code, j=interpreted, Vv=VM code, C=native code)


Current CompileTask:
C2:  39494 10225  s    4       java.beans.PropertyDescriptor::setWriteMethod (61 bytes)


---------------  P R O C E S S  ---------------

Java Threads: ( => current thread )
  0x000000001f5e9000 JavaThread "build operations Thread 8" [_thread_blocked, id=12852, stack(0x000000002d4a0000,0x000000002d5a0000)]
  0x000000001f5eb800 JavaThread "build operations Thread 7" [_thread_blocked, id=14288, stack(0x000000002d3a0000,0x000000002d4a0000)]
  0x000000001f5e5800 JavaThread "build operations Thread 6" [_thread_blocked, id=12124, stack(0x000000002d2a0000,0x000000002d3a0000)]
  0x000000001f5e7800 JavaThread "build operations Thread 5" [_thread_blocked, id=8592, stack(0x000000002d1a0000,0x000000002d2a0000)]
  0x000000001f5e7000 JavaThread "build operations Thread 4" [_thread_blocked, id=13648, stack(0x000000002d0a0000,0x000000002d1a0000)]
  0x000000001f5ea800 JavaThread "build operations Thread 3" [_thread_blocked, id=11552, stack(0x000000002cfa0000,0x000000002d0a0000)]
  0x00000000222c1000 JavaThread "build operations Thread 2" [_thread_blocked, id=12292, stack(0x000000002cea0000,0x000000002cfa0000)]
  0x00000000222bf800 JavaThread "build operations" [_thread_blocked, id=9748, stack(0x000000002cda0000,0x000000002cea0000)]
  0x00000000222c2800 JavaThread "Cache worker for Artifact transforms cache (C:\Users\16159\.gradle\caches\transforms-1)" [_thread_blocked, id=13472, stack(0x000000002cca0000,0x000000002cda0000)]
  0x00000000222c3000 JavaThread "Cache worker for file hash cache (Z:\ZFRProject\.gradle\4.4\fileHashes)" [_thread_blocked, id=7400, stack(0x000000002cba0000,0x000000002cca0000)]
  0x00000000222c0000 JavaThread "Stdin handler" [_thread_blocked, id=5160, stack(0x000000002caa0000,0x000000002cba0000)]
  0x00000000222be800 JavaThread "Asynchronous log dispatcher for DefaultDaemonConnection: socket connection from /127.0.0.1:60687 to /127.0.0.1:60772" [_thread_blocked, id=6956, stack(0x000000002c9a0000,0x000000002caa0000)]
  0x00000000222be000 JavaThread "Cancel handler" [_thread_blocked, id=10092, stack(0x000000002c8a0000,0x000000002c9a0000)]
  0x00000000222c4000 JavaThread "Handler for socket connection from /127.0.0.1:60687 to /127.0.0.1:60772" [_thread_in_native, id=6596, stack(0x000000002c7a0000,0x000000002c8a0000)]
  0x000000001f5e4000 JavaThread "Memory manager" [_thread_blocked, id=7732, stack(0x0000000025910000,0x0000000025a10000)]
  0x000000001d1b4800 JavaThread "File lock request listener" [_thread_in_native, id=12656, stack(0x000000001e640000,0x000000001e740000)]
  0x000000001cf91000 JavaThread "Cache worker for file hash cache (C:\Users\16159\.gradle\caches\4.4\fileHashes)" [_thread_blocked, id=9000, stack(0x000000001e540000,0x000000001e640000)]
  0x000000001cebb800 JavaThread "Daemon worker" [_thread_in_Java, id=9388, stack(0x000000001df40000,0x000000001e040000)]
  0x000000001ce8c800 JavaThread "Daemon" [_thread_blocked, id=14140, stack(0x000000001da40000,0x000000001db40000)]
  0x000000001cd9c800 JavaThread "Daemon periodic checks" [_thread_blocked, id=7152, stack(0x000000001d940000,0x000000001da40000)]
  0x000000001ccf2000 JavaThread "Incoming local TCP Connector on port 60687" [_thread_in_native, id=9172, stack(0x000000001d530000,0x000000001d630000)]
  0x000000001ae9a000 JavaThread "Service Thread" daemon [_thread_blocked, id=7120, stack(0x000000001b940000,0x000000001ba40000)]
  0x000000001ae74800 JavaThread "C1 CompilerThread3" daemon [_thread_in_native, id=556, stack(0x000000001b840000,0x000000001b940000)]
  0x000000001ae70000 JavaThread "C2 CompilerThread2" daemon [_thread_in_native, id=10932, stack(0x000000001b740000,0x000000001b840000)]
  0x000000001ae6f000 JavaThread "C2 CompilerThread1" daemon [_thread_in_native, id=1772, stack(0x000000001b640000,0x000000001b740000)]
=>0x000000001ae6d000 JavaThread "C2 CompilerThread0" daemon [_thread_in_native, id=13040, stack(0x000000001b540000,0x000000001b640000)]
  0x000000001ae18800 JavaThread "Attach Listener" daemon [_thread_blocked, id=12012, stack(0x000000001b440000,0x000000001b540000)]
  0x000000001ae17800 JavaThread "Signal Dispatcher" daemon [_thread_blocked, id=10652, stack(0x000000001b340000,0x000000001b440000)]
  0x000000001ae01800 JavaThread "Finalizer" daemon [_thread_blocked, id=10276, stack(0x000000001b1e0000,0x000000001b2e0000)]
  0x000000000514a800 JavaThread "Reference Handler" daemon [_thread_blocked, id=12640, stack(0x000000001ace0000,0x000000001ade0000)]
  0x0000000005050800 JavaThread "main" [_thread_blocked, id=7332, stack(0x0000000004bb0000,0x0000000004cb0000)]

Other Threads:
  0x0000000018f07800 VMThread [stack: 0x000000001abe0000,0x000000001ace0000] [id=8740]
  0x000000001af15800 WatcherThread [stack: 0x000000001ba40000,0x000000001bb40000] [id=9884]

VM state:not at safepoint (normal execution)

VM Mutex/Monitor currently owned by a thread: None

Heap:
 PSYoungGen      total 282624K, used 120003K [0x00000000e0000000, 0x00000000f4a00000, 0x0000000100000000)
  eden space 257024K, 36% used [0x00000000e0000000,0x00000000e5c36c38,0x00000000efb00000)
  from space 25600K, 99% used [0x00000000efb00000,0x00000000f13fa118,0x00000000f1400000)
  to   space 28672K, 0% used [0x00000000f2e00000,0x00000000f2e00000,0x00000000f4a00000)
 ParOldGen       total 166912K, used 43650K [0x00000000a0000000, 0x00000000aa300000, 0x00000000e0000000)
  object space 166912K, 26% used [0x00000000a0000000,0x00000000a2aa0bf8,0x00000000aa300000)
 Metaspace       used 87442K, capacity 91112K, committed 91264K, reserved 1128448K
  class space    used 11523K, capacity 12368K, committed 12416K, reserved 1048576K

Card table byte_map: [0x0000000014510000,0x0000000014820000] byte_map_base: 0x0000000014010000

Marking Bits: (ParMarkBitMap*) 0x0000000061e24970
 Begin Bits: [0x0000000015220000, 0x0000000016a20000)
 End Bits:   [0x0000000016a20000, 0x0000000018220000)

Polling page: 0x0000000002e20000

CodeCache: size=245760Kb used=29109Kb max_used=29109Kb free=216651Kb
 bounds [0x0000000005150000, 0x0000000006e40000, 0x0000000014150000]
 total_blobs=9562 nmethods=8756 adapters=718
 compilation: enabled

Compilation events (10 events):
Event: 39.477 Thread 0x000000001ae74800 nmethod 10304 0x0000000005b1bd90 code [0x0000000005b1bee0, 0x0000000005b1c010]
Event: 39.477 Thread 0x000000001ae74800 10306       3       com.sun.xml.bind.v2.util.QNameMap::hash (36 bytes)
Event: 39.477 Thread 0x000000001ae74800 nmethod 10306 0x0000000005b1b950 code [0x0000000005b1bac0, 0x0000000005b1bcc8]
Event: 39.477 Thread 0x000000001ae74800 10305       1       com.sun.xml.bind.v2.model.impl.TypeRefImpl::getTagName (5 bytes)
Event: 39.477 Thread 0x000000001ae74800 nmethod 10305 0x0000000005b1b690 code [0x0000000005b1b7e0, 0x0000000005b1b8f0]
Event: 39.478 Thread 0x000000001ae74800 10307       3       sun.util.PreHashedMap::get (73 bytes)
Event: 39.479 Thread 0x000000001ae74800 nmethod 10307 0x0000000005b1aad0 code [0x0000000005b1aca0, 0x0000000005b1b3b8]
Event: 39.480 Thread 0x000000001ae74800 10309       3       com.sun.org.apache.xerces.internal.util.XMLAttributesImpl::checkDuplicatesNS (110 bytes)
Event: 39.480 Thread 0x000000001ae74800 nmethod 10309 0x0000000005b1a250 code [0x0000000005b1a3e0, 0x0000000005b1a808]
Event: 39.480 Thread 0x000000001ae74800 10310       3       com.sun.org.apache.xerces.internal.impl.xs.opti.SchemaDOM::characters (143 bytes)

GC Heap History (10 events):
Event: 7.562 GC heap before
{Heap before GC invocations=10 (full 2):
 PSYoungGen      total 156160K, used 156155K [0x00000000e0000000, 0x00000000eed80000, 0x0000000100000000)
  eden space 141824K, 100% used [0x00000000e0000000,0x00000000e8a80000,0x00000000e8a80000)
  from space 14336K, 99% used [0x00000000e8a80000,0x00000000e987ec58,0x00000000e9880000)
  to   space 16896K, 0% used [0x00000000edd00000,0x00000000edd00000,0x00000000eed80000)
 ParOldGen       total 166912K, used 19085K [0x00000000a0000000, 0x00000000aa300000, 0x00000000e0000000)
  object space 166912K, 11% used [0x00000000a0000000,0x00000000a12a3760,0x00000000aa300000)
 Metaspace       used 56470K, capacity 58244K, committed 58496K, reserved 1099776K
  class space    used 7737K, capacity 8209K, committed 8320K, reserved 1048576K
Event: 7.588 GC heap after
Heap after GC invocations=10 (full 2):
 PSYoungGen      total 221696K, used 16877K [0x00000000e0000000, 0x00000000ef600000, 0x0000000100000000)
  eden space 204800K, 0% used [0x00000000e0000000,0x00000000e0000000,0x00000000ec800000)
  from space 16896K, 99% used [0x00000000edd00000,0x00000000eed7b510,0x00000000eed80000)
  to   space 21504K, 0% used [0x00000000ec800000,0x00000000ec800000,0x00000000edd00000)
 ParOldGen       total 166912K, used 25373K [0x00000000a0000000, 0x00000000aa300000, 0x00000000e0000000)
  object space 166912K, 15% used [0x00000000a0000000,0x00000000a18c77e8,0x00000000aa300000)
 Metaspace       used 56470K, capacity 58244K, committed 58496K, reserved 1099776K
  class space    used 7737K, capacity 8209K, committed 8320K, reserved 1048576K
}
Event: 8.414 GC heap before
{Heap before GC invocations=11 (full 2):
 PSYoungGen      total 221696K, used 98957K [0x00000000e0000000, 0x00000000ef600000, 0x0000000100000000)
  eden space 204800K, 40% used [0x00000000e0000000,0x00000000e5027fd8,0x00000000ec800000)
  from space 16896K, 99% used [0x00000000edd00000,0x00000000eed7b510,0x00000000eed80000)
  to   space 21504K, 0% used [0x00000000ec800000,0x00000000ec800000,0x00000000edd00000)
 ParOldGen       total 166912K, used 25373K [0x00000000a0000000, 0x00000000aa300000, 0x00000000e0000000)
  object space 166912K, 15% used [0x00000000a0000000,0x00000000a18c77e8,0x00000000aa300000)
 Metaspace       used 57274K, capacity 58994K, committed 59008K, reserved 1099776K
  class space    used 7858K, capacity 8306K, committed 8320K, reserved 1048576K
Event: 8.434 GC heap after
Heap after GC invocations=11 (full 2):
 PSYoungGen      total 226304K, used 21485K [0x00000000e0000000, 0x00000000f3900000, 0x0000000100000000)
  eden space 204800K, 0% used [0x00000000e0000000,0x00000000e0000000,0x00000000ec800000)
  from space 21504K, 99% used [0x00000000ec800000,0x00000000edcfb530,0x00000000edd00000)
  to   space 26624K, 0% used [0x00000000f1f00000,0x00000000f1f00000,0x00000000f3900000)
 ParOldGen       total 166912K, used 30792K [0x00000000a0000000, 0x00000000aa300000, 0x00000000e0000000)
  object space 166912K, 18% used [0x00000000a0000000,0x00000000a1e12258,0x00000000aa300000)
 Metaspace       used 57274K, capacity 58994K, committed 59008K, reserved 1099776K
  class space    used 7858K, capacity 8306K, committed 8320K, reserved 1048576K
}
Event: 8.434 GC heap before
{Heap before GC invocations=12 (full 3):
 PSYoungGen      total 226304K, used 21485K [0x00000000e0000000, 0x00000000f3900000, 0x0000000100000000)
  eden space 204800K, 0% used [0x00000000e0000000,0x00000000e0000000,0x00000000ec800000)
  from space 21504K, 99% used [0x00000000ec800000,0x00000000edcfb530,0x00000000edd00000)
  to   space 26624K, 0% used [0x00000000f1f00000,0x00000000f1f00000,0x00000000f3900000)
 ParOldGen       total 166912K, used 30792K [0x00000000a0000000, 0x00000000aa300000, 0x00000000e0000000)
  object space 166912K, 18% used [0x00000000a0000000,0x00000000a1e12258,0x00000000aa300000)
 Metaspace       used 57274K, capacity 58994K, committed 59008K, reserved 1099776K
  class space    used 7858K, capacity 8306K, committed 8320K, reserved 1048576K
Event: 8.674 GC heap after
Heap after GC invocations=12 (full 3):
 PSYoungGen      total 226304K, used 0K [0x00000000e0000000, 0x00000000f3900000, 0x0000000100000000)
  eden space 204800K, 0% used [0x00000000e0000000,0x00000000e0000000,0x00000000ec800000)
  from space 21504K, 0% used [0x00000000ec800000,0x00000000ec800000,0x00000000edd00000)
  to   space 26624K, 0% used [0x00000000f1f00000,0x00000000f1f00000,0x00000000f3900000)
 ParOldGen       total 166912K, used 43385K [0x00000000a0000000, 0x00000000aa300000, 0x00000000e0000000)
  object space 166912K, 25% used [0x00000000a0000000,0x00000000a2a5e610,0x00000000aa300000)
 Metaspace       used 57274K, capacity 58994K, committed 59008K, reserved 1099776K
  class space    used 7858K, capacity 8306K, committed 8320K, reserved 1048576K
}
Event: 12.440 GC heap before
{Heap before GC invocations=13 (full 3):
 PSYoungGen      total 226304K, used 204800K [0x00000000e0000000, 0x00000000f3900000, 0x0000000100000000)
  eden space 204800K, 100% used [0x00000000e0000000,0x00000000ec800000,0x00000000ec800000)
  from space 21504K, 0% used [0x00000000ec800000,0x00000000ec800000,0x00000000edd00000)
  to   space 26624K, 0% used [0x00000000f1f00000,0x00000000f1f00000,0x00000000f3900000)
 ParOldGen       total 166912K, used 43385K [0x00000000a0000000, 0x00000000aa300000, 0x00000000e0000000)
  object space 166912K, 25% used [0x00000000a0000000,0x00000000a2a5e610,0x00000000aa300000)
 Metaspace       used 66158K, capacity 68598K, committed 68864K, reserved 1107968K
  class space    used 8756K, capacity 9377K, committed 9472K, reserved 1048576K
Event: 12.450 GC heap after
Heap after GC invocations=13 (full 3):
 PSYoungGen      total 257536K, used 14057K [0x00000000e0000000, 0x00000000f2d00000, 0x0000000100000000)
  eden space 243200K, 0% used [0x00000000e0000000,0x00000000e0000000,0x00000000eed80000)
  from space 14336K, 98% used [0x00000000f1f00000,0x00000000f2cba790,0x00000000f2d00000)
  to   space 25600K, 0% used [0x00000000efb00000,0x00000000efb00000,0x00000000f1400000)
 ParOldGen       total 166912K, used 43393K [0x00000000a0000000, 0x00000000aa300000, 0x00000000e0000000)
  object space 166912K, 25% used [0x00000000a0000000,0x00000000a2a60610,0x00000000aa300000)
 Metaspace       used 66158K, capacity 68598K, committed 68864K, reserved 1107968K
  class space    used 8756K, capacity 9377K, committed 9472K, reserved 1048576K
}
Event: 38.756 GC heap before
{Heap before GC invocations=14 (full 3):
 PSYoungGen      total 257536K, used 257257K [0x00000000e0000000, 0x00000000f2d00000, 0x0000000100000000)
  eden space 243200K, 100% used [0x00000000e0000000,0x00000000eed80000,0x00000000eed80000)
  from space 14336K, 98% used [0x00000000f1f00000,0x00000000f2cba790,0x00000000f2d00000)
  to   space 25600K, 0% used [0x00000000efb00000,0x00000000efb00000,0x00000000f1400000)
 ParOldGen       total 166912K, used 43393K [0x00000000a0000000, 0x00000000aa300000, 0x00000000e0000000)
  object space 166912K, 25% used [0x00000000a0000000,0x00000000a2a60610,0x00000000aa300000)
 Metaspace       used 79319K, capacity 82750K, committed 82944K, reserved 1120256K
  class space    used 10434K, capacity 11199K, committed 11264K, reserved 1048576K
Event: 38.777 GC heap after
Heap after GC invocations=14 (full 3):
 PSYoungGen      total 282624K, used 25576K [0x00000000e0000000, 0x00000000f4a00000, 0x0000000100000000)
  eden space 257024K, 0% used [0x00000000e0000000,0x00000000e0000000,0x00000000efb00000)
  from space 25600K, 99% used [0x00000000efb00000,0x00000000f13fa118,0x00000000f1400000)
  to   space 28672K, 0% used [0x00000000f2e00000,0x00000000f2e00000,0x00000000f4a00000)
 ParOldGen       total 166912K, used 43650K [0x00000000a0000000, 0x00000000aa300000, 0x00000000e0000000)
  object space 166912K, 26% used [0x00000000a0000000,0x00000000a2aa0bf8,0x00000000aa300000)
 Metaspace       used 79319K, capacity 82750K, committed 82944K, reserved 1120256K
  class space    used 10434K, capacity 11199K, committed 11264K, reserved 1048576K
}

Deoptimization events (10 events):
Event: 21.171 Thread 0x000000001cd9c800 Uncommon trap: reason=speculate_class_check action=maybe_recompile pc=0x00000000065f9910 method=java.util.AbstractList.listIterator()Ljava/util/ListIterator; @ 2
Event: 31.171 Thread 0x000000001cd9c800 Uncommon trap: reason=speculate_class_check action=maybe_recompile pc=0x00000000065f9910 method=java.util.AbstractList.listIterator()Ljava/util/ListIterator; @ 2
Event: 38.154 Thread 0x00000000222c4000 Uncommon trap: reason=class_check action=maybe_recompile pc=0x000000000601bda0 method=java.lang.reflect.Array.newInstance(Ljava/lang/Class;I)Ljava/lang/Object; @ 2
Event: 38.156 Thread 0x00000000222c4000 Uncommon trap: reason=class_check action=maybe_recompile pc=0x000000000601bda0 method=java.lang.reflect.Array.newInstance(Ljava/lang/Class;I)Ljava/lang/Object; @ 2
Event: 38.287 Thread 0x000000001cebb800 Uncommon trap: reason=array_check action=maybe_recompile pc=0x0000000006cefde0 method=java.util.ComparableTimSort.binarySort([Ljava/lang/Object;III)V @ 183
Event: 38.290 Thread 0x000000001cebb800 Uncommon trap: reason=array_check action=maybe_recompile pc=0x0000000006cefc54 method=java.util.ComparableTimSort.binarySort([Ljava/lang/Object;III)V @ 215
Event: 38.292 Thread 0x000000001cebb800 Uncommon trap: reason=array_check action=maybe_recompile pc=0x0000000006cefc54 method=java.util.ComparableTimSort.binarySort([Ljava/lang/Object;III)V @ 215
Event: 38.777 Thread 0x000000000514a800 Uncommon trap: reason=unstable_if action=reinterpret pc=0x00000000056548b4 method=java.lang.ref.Reference.tryHandlePending(Z)Z @ 20
Event: 39.019 Thread 0x000000001cebb800 Uncommon trap: reason=null_check action=make_not_entrant pc=0x000000000664cb10 method=org.gradle.api.internal.AbstractClassGenerator.generateUnderLock(Ljava/lang/Class;)Ljava/lang/Class; @ 396
Event: 39.066 Thread 0x000000001cebb800 Uncommon trap: reason=array_check action=maybe_recompile pc=0x0000000006c636c4 method=java.util.ComparableTimSort.binarySort([Ljava/lang/Object;III)V @ 215

Classes redefined (0 events):
No events

Internal exceptions (10 events):
Event: 39.290 Thread 0x000000001cebb800 Exception <a 'sun/nio/fs/WindowsException'> (0x00000000e44d3a20) thrown at [D:\src\AOSP-openjdk-cygwin\jdk8u\hotspot\src\share\vm\prims\jni.cpp, line 709]
Event: 39.290 Thread 0x000000001cebb800 Exception <a 'sun/nio/fs/WindowsException'> (0x00000000e44d4708) thrown at [D:\src\AOSP-openjdk-cygwin\jdk8u\hotspot\src\share\vm\prims\jni.cpp, line 709]
Event: 39.290 Thread 0x000000001cebb800 Exception <a 'sun/nio/fs/WindowsException'> (0x00000000e44d6438) thrown at [D:\src\AOSP-openjdk-cygwin\jdk8u\hotspot\src\share\vm\prims\jni.cpp, line 709]
Event: 39.290 Thread 0x000000001cebb800 Exception <a 'sun/nio/fs/WindowsException'> (0x00000000e44d7158) thrown at [D:\src\AOSP-openjdk-cygwin\jdk8u\hotspot\src\share\vm\prims\jni.cpp, line 709]
Event: 39.290 Thread 0x000000001cebb800 Exception <a 'sun/nio/fs/WindowsException'> (0x00000000e44da0d8) thrown at [D:\src\AOSP-openjdk-cygwin\jdk8u\hotspot\src\share\vm\prims\jni.cpp, line 709]
Event: 39.290 Thread 0x000000001cebb800 Exception <a 'sun/nio/fs/WindowsException'> (0x00000000e44dae28) thrown at [D:\src\AOSP-openjdk-cygwin\jdk8u\hotspot\src\share\vm\prims\jni.cpp, line 709]
Event: 39.290 Thread 0x000000001cebb800 Exception <a 'sun/nio/fs/WindowsException'> (0x00000000e44dcba8) thrown at [D:\src\AOSP-openjdk-cygwin\jdk8u\hotspot\src\share\vm\prims\jni.cpp, line 709]
Event: 39.290 Thread 0x000000001cebb800 Exception <a 'sun/nio/fs/WindowsException'> (0x00000000e44ddb20) thrown at [D:\src\AOSP-openjdk-cygwin\jdk8u\hotspot\src\share\vm\prims\jni.cpp, line 709]
Event: 39.293 Thread 0x000000001cebb800 Exception <a 'java/lang/ClassNotFoundException': com/sun/org/glassfish/hk2/osgiresourcelocator/ServiceLoader> (0x00000000e452d710) thrown at [D:\src\AOSP-openjdk-cygwin\jdk8u\hotspot\src\share\vm\classfile\systemDictionary.cpp, line 210]
Event: 39.324 Thread 0x000000001cebb800 Exception <a 'java/lang/NullPointerException'> (0x00000000e490d260) thrown at [D:\src\AOSP-openjdk-cygwin\jdk8u\hotspot\src\share\vm\interpreter\linkResolver.cpp, line 1301]

Events (10 events):
Event: 39.196 loading class com/android/build/gradle/BasePlugin
Event: 39.196 loading class com/android/build/gradle/BasePlugin done
Event: 39.237 loading class com/android/repository/api/RepositorySourceProvider
Event: 39.237 loading class com/android/repository/api/RepositorySourceProvider done
Event: 39.238 loading class com/android/repository/api/RepositorySourceProvider
Event: 39.238 loading class com/android/repository/api/RepositorySourceProvider done
Event: 39.238 loading class com/android/repository/api/RepoManager
Event: 39.238 loading class com/android/repository/api/RepoManager done
Event: 39.293 loading class com/sun/org/glassfish/hk2/osgiresourcelocator/ServiceLoader
Event: 39.293 loading class com/sun/org/glassfish/hk2/osgiresourcelocator/ServiceLoader done


Dynamic libraries:
0x00007ff777a70000 - 0x00007ff777aa1000 	Z:\android\jre\bin\java.exe
0x00007ffc44fe0000 - 0x00007ffc451c0000 	C:\WINDOWS\SYSTEM32\ntdll.dll
0x00007ffc43d30000 - 0x00007ffc43dde000 	C:\WINDOWS\System32\KERNEL32.DLL
0x00007ffc41c40000 - 0x00007ffc41ea6000 	C:\WINDOWS\System32\KERNELBASE.dll
0x00007ffc44c60000 - 0x00007ffc44d01000 	C:\WINDOWS\System32\ADVAPI32.dll
0x00007ffc424b0000 - 0x00007ffc4254d000 	C:\WINDOWS\System32\msvcrt.dll
0x00007ffc449d0000 - 0x00007ffc44a2b000 	C:\WINDOWS\System32\sechost.dll
0x00007ffc44610000 - 0x00007ffc4472f000 	C:\WINDOWS\System32\RPCRT4.dll
0x00007ffc426f0000 - 0x00007ffc4287f000 	C:\WINDOWS\System32\USER32.dll
0x00007ffc42120000 - 0x00007ffc42140000 	C:\WINDOWS\System32\win32u.dll
0x00007ffc44a90000 - 0x00007ffc44ab8000 	C:\WINDOWS\System32\GDI32.dll
0x00007ffc42240000 - 0x00007ffc423d3000 	C:\WINDOWS\System32\gdi32full.dll
0x00007ffc41eb0000 - 0x00007ffc41f4b000 	C:\WINDOWS\System32\msvcp_win.dll
0x00007ffc42140000 - 0x00007ffc42236000 	C:\WINDOWS\System32\ucrtbase.dll
0x00007ffc38090000 - 0x00007ffc382f9000 	C:\WINDOWS\WinSxS\amd64_microsoft.windows.common-controls_6595b64144ccf1df_6.0.16299.309_none_15cfd4c4935e6b11\COMCTL32.dll
0x00007ffc43de0000 - 0x00007ffc440e8000 	C:\WINDOWS\System32\combase.dll
0x00007ffc423e0000 - 0x00007ffc42452000 	C:\WINDOWS\System32\bcryptPrimitives.dll
0x00007ffc44ba0000 - 0x00007ffc44bcd000 	C:\WINDOWS\System32\IMM32.DLL
0x00000000614a0000 - 0x0000000061572000 	Z:\android\jre\jre\bin\msvcr100.dll
0x0000000061660000 - 0x0000000061e9f000 	Z:\android\jre\jre\bin\server\jvm.dll
0x00007ffc44bd0000 - 0x00007ffc44bd8000 	C:\WINDOWS\System32\PSAPI.DLL
0x00007ffc3f280000 - 0x00007ffc3f289000 	C:\WINDOWS\SYSTEM32\WSOCK32.dll
0x00007ffc3ffe0000 - 0x00007ffc3ffea000 	C:\WINDOWS\SYSTEM32\VERSION.dll
0x00007ffc44b20000 - 0x00007ffc44b8c000 	C:\WINDOWS\System32\WS2_32.dll
0x00007ffc38800000 - 0x00007ffc38823000 	C:\WINDOWS\SYSTEM32\WINMM.dll
0x00007ffc385b0000 - 0x00007ffc385da000 	C:\WINDOWS\SYSTEM32\WINMMBASE.dll
0x00007ffc42460000 - 0x00007ffc424aa000 	C:\WINDOWS\System32\cfgmgr32.dll
0x00007ffc3f270000 - 0x00007ffc3f27f000 	Z:\android\jre\jre\bin\verify.dll
0x00007ffc3d4d0000 - 0x00007ffc3d4f9000 	Z:\android\jre\jre\bin\java.dll
0x00007ffc3d420000 - 0x00007ffc3d436000 	Z:\android\jre\jre\bin\zip.dll
0x00007ffc42880000 - 0x00007ffc43cb6000 	C:\WINDOWS\System32\SHELL32.dll
0x00007ffc44d10000 - 0x00007ffc44db6000 	C:\WINDOWS\System32\shcore.dll
0x00007ffc41440000 - 0x00007ffc41b87000 	C:\WINDOWS\System32\windows.storage.dll
0x00007ffc44ac0000 - 0x00007ffc44b11000 	C:\WINDOWS\System32\shlwapi.dll
0x00007ffc413c0000 - 0x00007ffc413d1000 	C:\WINDOWS\System32\kernel.appcore.dll
0x00007ffc41370000 - 0x00007ffc413bc000 	C:\WINDOWS\System32\powrprof.dll
0x00007ffc41330000 - 0x00007ffc4134b000 	C:\WINDOWS\System32\profapi.dll
0x00007ffc3cab0000 - 0x00007ffc3caca000 	Z:\android\jre\jre\bin\net.dll
0x00007ffc40bc0000 - 0x00007ffc40c26000 	C:\WINDOWS\system32\mswsock.dll
0x00007ffc3c260000 - 0x00007ffc3c271000 	Z:\android\jre\jre\bin\nio.dll
0x00007ffc390b0000 - 0x00007ffc390ce000 	C:\Users\16159\.gradle\native\25\windows-amd64\native-platform.dll
0x00007ffc3f210000 - 0x00007ffc3f21d000 	Z:\android\jre\jre\bin\management.dll
0x00007ffc40d90000 - 0x00007ffc40da7000 	C:\WINDOWS\SYSTEM32\CRYPTSP.dll
0x00007ffc407c0000 - 0x00007ffc407f3000 	C:\WINDOWS\system32\rsaenh.dll
0x00007ffc40e90000 - 0x00007ffc40eb5000 	C:\WINDOWS\SYSTEM32\bcrypt.dll
0x00007ffc41260000 - 0x00007ffc41289000 	C:\WINDOWS\SYSTEM32\USERENV.dll
0x00007ffc40d80000 - 0x00007ffc40d8b000 	C:\WINDOWS\SYSTEM32\CRYPTBASE.dll
0x00007ffc40950000 - 0x00007ffc40989000 	C:\WINDOWS\SYSTEM32\IPHLPAPI.DLL
0x00007ffc43cc0000 - 0x00007ffc43cc8000 	C:\WINDOWS\System32\NSI.dll
0x00007ffc3b970000 - 0x00007ffc3b986000 	C:\WINDOWS\SYSTEM32\dhcpcsvc6.DLL
0x00007ffc3b940000 - 0x00007ffc3b95a000 	C:\WINDOWS\SYSTEM32\dhcpcsvc.DLL

VM Arguments:
jvm_args: -Xmx1536m -Dfile.encoding=GBK -Duser.country=CN -Duser.language=zh -Duser.variant 
java_command: org.gradle.launcher.daemon.bootstrap.GradleDaemon 4.4
java_class_path (initial): C:\Users\16159\.gradle\wrapper\dists\gradle-4.4-all\9br9xq1tocpiv8o6njlyu5op1\gradle-4.4\lib\gradle-launcher-4.4.jar
Launcher Type: SUN_STANDARD

Environment Variables:
JAVA_HOME=C:\Program Files\Java\jdk1.8.0_152
CLASSPATH=.;C:\Program Files\Java\jdk1.8.0_152\lib;C:\Program Files\Java\jdk1.8.0_152\lib\tools.jar
PATH=C:\ProgramData\Oracle\Java\javapath;C:\WINDOWS\system32;C:\WINDOWS;C:\WINDOWS\System32\Wbem;C:\WINDOWS\System32\WindowsPowerShell\v1.0\;"C:\Program Files\Java\jdk1.8.0_152\bin;C:\Program Files\Java\jdk1.8.0_152\jre\bin;";;C:\Program Files (x86)\NVIDIA Corporation\PhysX\Common;C:\Program Files\Java\jdk1.8.0_152\bin;C:\Program Files\Java\jdk1.8.0_152\jre\bin;
USERNAME=16159
OS=Windows_NT
PROCESSOR_IDENTIFIER=Intel64 Family 6 Model 60 Stepping 3, GenuineIntel



---------------  S Y S T E M  ---------------

OS: Windows 10.0 , 64 bit Build 16299 (10.0.16299.15)

CPU:total 8 (initial active 8) (4 cores per cpu, 2 threads per core) family 6 model 60 stepping 3, cmov, cx8, fxsr, mmx, sse, sse2, sse3, ssse3, sse4.1, sse4.2, popcnt, avx, avx2, aes, clmul, erms, lzcnt, ht, tsc, tscinvbit, bmi1, bmi2

Memory: 4k page, physical 16691564k(1865740k free), swap 17543528k(6808k free)

vm_info: OpenJDK 64-Bit Server VM (25.152-b02) for windows-amd64 JRE (1.8.0_152-release-1024-b02), built by "builder" with MS VC++ 10.0 (VS2010)

time: Wed Apr 04 14:42:05 2018
elapsed time: 39 seconds (0d 0h 0m 39s)

